<?xml version="1.0" encoding="UTF-8"?>
<robot generator="Robot 5.0.1 (Python 3.10.4 on linux)" generated="20220525 22:08:33.080" rpa="false" schemaversion="3">
<suite id="s1" name="Sample Test" source="/workspace/fastapi-server/test-robot/sample_test">
<test id="s1-t1" name="Headless Chrome - Create Webdriver" line="7">
<kw name="Evaluate" library="BuiltIn">
<var>${chrome_options}</var>
<arg>sys.modules['selenium.webdriver'].ChromeOptions()</arg>
<arg>sys, selenium.webdriver</arg>
<doc>Evaluates the given expression in Python and returns the result.</doc>
<msg timestamp="20220525 22:08:33.253" level="INFO">${chrome_options} = &lt;selenium.webdriver.chrome.options.Options object at 0x7ff33667eef0&gt;</msg>
<status status="PASS" starttime="20220525 22:08:33.252" endtime="20220525 22:08:33.253"/>
</kw>
<kw name="Call Method" library="BuiltIn">
<arg>${chrome_options}</arg>
<arg>add_argument</arg>
<arg>headless</arg>
<doc>Calls the named method of the given object with the provided arguments.</doc>
<status status="PASS" starttime="20220525 22:08:33.253" endtime="20220525 22:08:33.253"/>
</kw>
<kw name="Call Method" library="BuiltIn">
<arg>${chrome_options}</arg>
<arg>add_argument</arg>
<arg>disable-gpu</arg>
<doc>Calls the named method of the given object with the provided arguments.</doc>
<status status="PASS" starttime="20220525 22:08:33.253" endtime="20220525 22:08:33.254"/>
</kw>
<kw name="Call Method" library="BuiltIn">
<arg>${chrome_options}</arg>
<arg>add_argument</arg>
<arg>no-sandbox</arg>
<doc>Calls the named method of the given object with the provided arguments.</doc>
<status status="PASS" starttime="20220525 22:08:33.254" endtime="20220525 22:08:33.254"/>
</kw>
<kw name="Call Method" library="BuiltIn">
<var>${options}</var>
<arg>${chrome_options}</arg>
<arg>to_capabilities</arg>
<doc>Calls the named method of the given object with the provided arguments.</doc>
<msg timestamp="20220525 22:08:33.254" level="INFO">${options} = {'browserName': 'chrome', 'pageLoadStrategy': 'normal', 'goog:chromeOptions': {'extensions': [], 'args': ['headless', 'disable-gpu', 'no-sandbox']}}</msg>
<status status="PASS" starttime="20220525 22:08:33.254" endtime="20220525 22:08:33.255"/>
</kw>
<kw name="Create Webdriver" library="Selenium2Library">
<arg>Remote</arg>
<arg>command_executor=http://127.0.0.1:4444/wd/hub</arg>
<arg>desired_capabilities=${options}</arg>
<doc>Creates an instance of Selenium WebDriver.</doc>
<msg timestamp="20220525 22:08:33.255" level="INFO">Creating an instance of the Remote WebDriver.</msg>
<msg timestamp="20220525 22:08:33.259" level="WARN">Retrying (Retry(total=2, connect=None, read=None, redirect=None, status=None)) after connection broken by 'NewConnectionError('&lt;urllib3.connection.HTTPConnection object at 0x7ff33667f700&gt;: Failed to establish a new connection: [Errno 111] Connection refused')': /wd/hub/session</msg>
<msg timestamp="20220525 22:08:33.260" level="WARN">Retrying (Retry(total=1, connect=None, read=None, redirect=None, status=None)) after connection broken by 'NewConnectionError('&lt;urllib3.connection.HTTPConnection object at 0x7ff33667fa30&gt;: Failed to establish a new connection: [Errno 111] Connection refused')': /wd/hub/session</msg>
<msg timestamp="20220525 22:08:33.261" level="WARN">Retrying (Retry(total=0, connect=None, read=None, redirect=None, status=None)) after connection broken by 'NewConnectionError('&lt;urllib3.connection.HTTPConnection object at 0x7ff33667ff70&gt;: Failed to establish a new connection: [Errno 111] Connection refused')': /wd/hub/session</msg>
<msg timestamp="20220525 22:08:33.262" level="INFO">Cannot capture screenshot because no browser is open.</msg>
<msg timestamp="20220525 22:08:33.263" level="FAIL">MaxRetryError: HTTPConnectionPool(host='127.0.0.1', port=4444): Max retries exceeded with url: /wd/hub/session (Caused by NewConnectionError('&lt;urllib3.connection.HTTPConnection object at 0x7ff33667ee00&gt;: Failed to establish a new connection: [Errno 111] Connection refused'))</msg>
<status status="FAIL" starttime="20220525 22:08:33.255" endtime="20220525 22:08:33.266"/>
</kw>
<kw name="Go To" library="Selenium2Library">
<arg>http://cnn.com</arg>
<doc>Navigates the current browser window to the provided ``url``.</doc>
<status status="NOT RUN" starttime="20220525 22:08:33.266" endtime="20220525 22:08:33.267"/>
</kw>
<kw name="Maximize Browser Window" library="Selenium2Library">
<doc>Maximizes current browser window.</doc>
<status status="NOT RUN" starttime="20220525 22:08:33.267" endtime="20220525 22:08:33.267"/>
</kw>
<kw name="Capture Page Screenshot" library="Selenium2Library">
<doc>Takes a screenshot of the current page and embeds it into a log file.</doc>
<status status="NOT RUN" starttime="20220525 22:08:33.267" endtime="20220525 22:08:33.267"/>
</kw>
<status status="FAIL" starttime="20220525 22:08:33.252" endtime="20220525 22:08:33.268">MaxRetryError: HTTPConnectionPool(host='127.0.0.1', port=4444): Max retries exceeded with url: /wd/hub/session (Caused by NewConnectionError('&lt;urllib3.connection.HTTPConnection object at 0x7ff33667ee00&gt;: Failed to establish a new connection: [Errno 111] Connection refused'))</status>
</test>
<test id="s1-t2" name="Headless Chrome - Open Browser" line="21">
<kw name="Evaluate" library="BuiltIn">
<var>${chrome_options}</var>
<arg>sys.modules['selenium.webdriver'].ChromeOptions()</arg>
<arg>sys, selenium.webdriver</arg>
<doc>Evaluates the given expression in Python and returns the result.</doc>
<msg timestamp="20220525 22:08:33.271" level="INFO">${chrome_options} = &lt;selenium.webdriver.chrome.options.Options object at 0x7ff3365a0af0&gt;</msg>
<status status="PASS" starttime="20220525 22:08:33.270" endtime="20220525 22:08:33.271"/>
</kw>
<kw name="Call Method" library="BuiltIn">
<arg>${chrome_options}</arg>
<arg>add_argument</arg>
<arg>headless</arg>
<doc>Calls the named method of the given object with the provided arguments.</doc>
<status status="PASS" starttime="20220525 22:08:33.271" endtime="20220525 22:08:33.272"/>
</kw>
<kw name="Call Method" library="BuiltIn">
<arg>${chrome_options}</arg>
<arg>add_argument</arg>
<arg>disable-gpu</arg>
<doc>Calls the named method of the given object with the provided arguments.</doc>
<status status="PASS" starttime="20220525 22:08:33.272" endtime="20220525 22:08:33.273"/>
</kw>
<kw name="Call Method" library="BuiltIn">
<var>${options}</var>
<arg>${chrome_options}</arg>
<arg>to_capabilities</arg>
<doc>Calls the named method of the given object with the provided arguments.</doc>
<msg timestamp="20220525 22:08:33.274" level="INFO">${options} = {'browserName': 'chrome', 'pageLoadStrategy': 'normal', 'goog:chromeOptions': {'extensions': [], 'args': ['headless', 'disable-gpu']}}</msg>
<status status="PASS" starttime="20220525 22:08:33.273" endtime="20220525 22:08:33.274"/>
</kw>
<kw name="Open Browser" library="Selenium2Library">
<arg>http://cnn.com</arg>
<arg>browser=chrome</arg>
<arg>remote_url=http://localhost:4444/wd/hub</arg>
<arg>desired_capabilities=${options}</arg>
<doc>Opens a new browser instance to the optional ``url``.</doc>
<msg timestamp="20220525 22:08:33.276" level="INFO">Opening browser 'chrome' to base url 'http://cnn.com' through remote server at 'http://localhost:4444/wd/hub'.</msg>
<msg timestamp="20220525 22:08:33.278" level="WARN">Retrying (Retry(total=2, connect=None, read=None, redirect=None, status=None)) after connection broken by 'NewConnectionError('&lt;urllib3.connection.HTTPConnection object at 0x7ff3365a1180&gt;: Failed to establish a new connection: [Errno 111] Connection refused')': /wd/hub/session</msg>
<msg timestamp="20220525 22:08:33.281" level="WARN">Retrying (Retry(total=1, connect=None, read=None, redirect=None, status=None)) after connection broken by 'NewConnectionError('&lt;urllib3.connection.HTTPConnection object at 0x7ff3365a12d0&gt;: Failed to establish a new connection: [Errno 111] Connection refused')': /wd/hub/session</msg>
<msg timestamp="20220525 22:08:33.282" level="WARN">Retrying (Retry(total=0, connect=None, read=None, redirect=None, status=None)) after connection broken by 'NewConnectionError('&lt;urllib3.connection.HTTPConnection object at 0x7ff33667ea40&gt;: Failed to establish a new connection: [Errno 111] Connection refused')': /wd/hub/session</msg>
<msg timestamp="20220525 22:08:33.284" level="INFO">Cannot capture screenshot because no browser is open.</msg>
<msg timestamp="20220525 22:08:33.284" level="FAIL">MaxRetryError: HTTPConnectionPool(host='localhost', port=4444): Max retries exceeded with url: /wd/hub/session (Caused by NewConnectionError('&lt;urllib3.connection.HTTPConnection object at 0x7ff3365a0b50&gt;: Failed to establish a new connection: [Errno 111] Connection refused'))</msg>
<status status="FAIL" starttime="20220525 22:08:33.275" endtime="20220525 22:08:33.285"/>
</kw>
<kw name="Maximize Browser Window" library="Selenium2Library">
<doc>Maximizes current browser window.</doc>
<status status="NOT RUN" starttime="20220525 22:08:33.286" endtime="20220525 22:08:33.286"/>
</kw>
<kw name="Capture Page Screenshot" library="Selenium2Library">
<doc>Takes a screenshot of the current page and embeds it into a log file.</doc>
<status status="NOT RUN" starttime="20220525 22:08:33.286" endtime="20220525 22:08:33.286"/>
</kw>
<status status="FAIL" starttime="20220525 22:08:33.269" endtime="20220525 22:08:33.287">MaxRetryError: HTTPConnectionPool(host='localhost', port=4444): Max retries exceeded with url: /wd/hub/session (Caused by NewConnectionError('&lt;urllib3.connection.HTTPConnection object at 0x7ff3365a0b50&gt;: Failed to establish a new connection: [Errno 111] Connection refused'))</status>
</test>
<kw name="Close All Browsers" library="Selenium2Library" type="TEARDOWN">
<doc>Closes all open browsers and resets the browser cache.</doc>
<status status="PASS" starttime="20220525 22:08:33.289" endtime="20220525 22:08:33.289"/>
</kw>
<status status="FAIL" starttime="20220525 22:08:33.081" endtime="20220525 22:08:33.289"/>
</suite>
<statistics>
<total>
<stat pass="0" fail="2" skip="0">All Tests</stat>
</total>
<tag>
</tag>
<suite>
<stat pass="0" fail="2" skip="0" id="s1" name="Sample Test">Sample Test</stat>
</suite>
</statistics>
<errors>
<msg timestamp="20220525 22:08:33.259" level="WARN">Retrying (Retry(total=2, connect=None, read=None, redirect=None, status=None)) after connection broken by 'NewConnectionError('&lt;urllib3.connection.HTTPConnection object at 0x7ff33667f700&gt;: Failed to establish a new connection: [Errno 111] Connection refused')': /wd/hub/session</msg>
<msg timestamp="20220525 22:08:33.260" level="WARN">Retrying (Retry(total=1, connect=None, read=None, redirect=None, status=None)) after connection broken by 'NewConnectionError('&lt;urllib3.connection.HTTPConnection object at 0x7ff33667fa30&gt;: Failed to establish a new connection: [Errno 111] Connection refused')': /wd/hub/session</msg>
<msg timestamp="20220525 22:08:33.261" level="WARN">Retrying (Retry(total=0, connect=None, read=None, redirect=None, status=None)) after connection broken by 'NewConnectionError('&lt;urllib3.connection.HTTPConnection object at 0x7ff33667ff70&gt;: Failed to establish a new connection: [Errno 111] Connection refused')': /wd/hub/session</msg>
<msg timestamp="20220525 22:08:33.278" level="WARN">Retrying (Retry(total=2, connect=None, read=None, redirect=None, status=None)) after connection broken by 'NewConnectionError('&lt;urllib3.connection.HTTPConnection object at 0x7ff3365a1180&gt;: Failed to establish a new connection: [Errno 111] Connection refused')': /wd/hub/session</msg>
<msg timestamp="20220525 22:08:33.281" level="WARN">Retrying (Retry(total=1, connect=None, read=None, redirect=None, status=None)) after connection broken by 'NewConnectionError('&lt;urllib3.connection.HTTPConnection object at 0x7ff3365a12d0&gt;: Failed to establish a new connection: [Errno 111] Connection refused')': /wd/hub/session</msg>
<msg timestamp="20220525 22:08:33.282" level="WARN">Retrying (Retry(total=0, connect=None, read=None, redirect=None, status=None)) after connection broken by 'NewConnectionError('&lt;urllib3.connection.HTTPConnection object at 0x7ff33667ea40&gt;: Failed to establish a new connection: [Errno 111] Connection refused')': /wd/hub/session</msg>
</errors>
</robot>
