<?xml version="1.0" encoding="UTF-8"?>
<robot generator="Robot 5.0.1 (Python 3.10.4 on linux)" generated="20220525 22:17:44.626" rpa="false" schemaversion="3">
<suite id="s1" name="Sample Test" source="/workspace/fastapi-server/test-robot/sample_test">
<test id="s1-t1" name="Headless Chrome - Create Webdriver" line="7">
<kw name="Evaluate" library="BuiltIn">
<var>${chrome_options}</var>
<arg>sys.modules['selenium.webdriver'].ChromeOptions()</arg>
<arg>sys, selenium.webdriver</arg>
<doc>Evaluates the given expression in Python and returns the result.</doc>
<msg timestamp="20220525 22:17:45.415" level="INFO">${chrome_options} = &lt;selenium.webdriver.chrome.options.Options object at 0x4003ceb280&gt;</msg>
<status status="PASS" starttime="20220525 22:17:45.414" endtime="20220525 22:17:45.416"/>
</kw>
<kw name="Call Method" library="BuiltIn">
<arg>${chrome_options}</arg>
<arg>add_argument</arg>
<arg>headless</arg>
<doc>Calls the named method of the given object with the provided arguments.</doc>
<status status="PASS" starttime="20220525 22:17:45.416" endtime="20220525 22:17:45.417"/>
</kw>
<kw name="Call Method" library="BuiltIn">
<arg>${chrome_options}</arg>
<arg>add_argument</arg>
<arg>disable-gpu</arg>
<doc>Calls the named method of the given object with the provided arguments.</doc>
<status status="PASS" starttime="20220525 22:17:45.417" endtime="20220525 22:17:45.418"/>
</kw>
<kw name="Call Method" library="BuiltIn">
<arg>${chrome_options}</arg>
<arg>add_argument</arg>
<arg>no-sandbox</arg>
<doc>Calls the named method of the given object with the provided arguments.</doc>
<status status="PASS" starttime="20220525 22:17:45.419" endtime="20220525 22:17:45.420"/>
</kw>
<kw name="Call Method" library="BuiltIn">
<var>${options}</var>
<arg>${chrome_options}</arg>
<arg>to_capabilities</arg>
<doc>Calls the named method of the given object with the provided arguments.</doc>
<msg timestamp="20220525 22:17:45.422" level="INFO">${options} = {'browserName': 'chrome', 'pageLoadStrategy': 'normal', 'goog:chromeOptions': {'extensions': [], 'args': ['headless', 'disable-gpu', 'no-sandbox']}}</msg>
<status status="PASS" starttime="20220525 22:17:45.421" endtime="20220525 22:17:45.422"/>
</kw>
<kw name="Create Webdriver" library="Selenium2Library">
<arg>Remote</arg>
<arg>command_executor=http://127.0.0.1:4444/wd/hub</arg>
<arg>desired_capabilities=${options}</arg>
<doc>Creates an instance of Selenium WebDriver.</doc>
<msg timestamp="20220525 22:17:45.425" level="INFO">Creating an instance of the Remote WebDriver.</msg>
<msg timestamp="20220525 22:17:45.442" level="WARN">Retrying (Retry(total=2, connect=None, read=None, redirect=None, status=None)) after connection broken by 'NewConnectionError('&lt;urllib3.connection.HTTPConnection object at 0x4003ceafe0&gt;: Failed to establish a new connection: [Errno 111] Connection refused')': /wd/hub/session</msg>
<msg timestamp="20220525 22:17:45.445" level="WARN">Retrying (Retry(total=1, connect=None, read=None, redirect=None, status=None)) after connection broken by 'NewConnectionError('&lt;urllib3.connection.HTTPConnection object at 0x4003ceae60&gt;: Failed to establish a new connection: [Errno 111] Connection refused')': /wd/hub/session</msg>
<msg timestamp="20220525 22:17:45.447" level="WARN">Retrying (Retry(total=0, connect=None, read=None, redirect=None, status=None)) after connection broken by 'NewConnectionError('&lt;urllib3.connection.HTTPConnection object at 0x4003cebdc0&gt;: Failed to establish a new connection: [Errno 111] Connection refused')': /wd/hub/session</msg>
<msg timestamp="20220525 22:17:45.449" level="INFO">Cannot capture screenshot because no browser is open.</msg>
<msg timestamp="20220525 22:17:45.452" level="FAIL">MaxRetryError: HTTPConnectionPool(host='127.0.0.1', port=4444): Max retries exceeded with url: /wd/hub/session (Caused by NewConnectionError('&lt;urllib3.connection.HTTPConnection object at 0x4003cebe80&gt;: Failed to establish a new connection: [Errno 111] Connection refused'))</msg>
<status status="FAIL" starttime="20220525 22:17:45.423" endtime="20220525 22:17:45.463"/>
</kw>
<kw name="Go To" library="Selenium2Library">
<arg>http://cnn.com</arg>
<doc>Navigates the current browser window to the provided ``url``.</doc>
<status status="NOT RUN" starttime="20220525 22:17:45.464" endtime="20220525 22:17:45.465"/>
</kw>
<kw name="Maximize Browser Window" library="Selenium2Library">
<doc>Maximizes current browser window.</doc>
<status status="NOT RUN" starttime="20220525 22:17:45.465" endtime="20220525 22:17:45.465"/>
</kw>
<kw name="Capture Page Screenshot" library="Selenium2Library">
<doc>Takes a screenshot of the current page and embeds it into a log file.</doc>
<status status="NOT RUN" starttime="20220525 22:17:45.466" endtime="20220525 22:17:45.466"/>
</kw>
<status status="FAIL" starttime="20220525 22:17:45.411" endtime="20220525 22:17:45.468">MaxRetryError: HTTPConnectionPool(host='127.0.0.1', port=4444): Max retries exceeded with url: /wd/hub/session (Caused by NewConnectionError('&lt;urllib3.connection.HTTPConnection object at 0x4003cebe80&gt;: Failed to establish a new connection: [Errno 111] Connection refused'))</status>
</test>
<test id="s1-t2" name="Headless Chrome - Open Browser" line="21">
<kw name="Evaluate" library="BuiltIn">
<var>${chrome_options}</var>
<arg>sys.modules['selenium.webdriver'].ChromeOptions()</arg>
<arg>sys, selenium.webdriver</arg>
<doc>Evaluates the given expression in Python and returns the result.</doc>
<msg timestamp="20220525 22:17:45.475" level="INFO">${chrome_options} = &lt;selenium.webdriver.chrome.options.Options object at 0x4003d50dc0&gt;</msg>
<status status="PASS" starttime="20220525 22:17:45.473" endtime="20220525 22:17:45.475"/>
</kw>
<kw name="Call Method" library="BuiltIn">
<arg>${chrome_options}</arg>
<arg>add_argument</arg>
<arg>headless</arg>
<doc>Calls the named method of the given object with the provided arguments.</doc>
<status status="PASS" starttime="20220525 22:17:45.475" endtime="20220525 22:17:45.476"/>
</kw>
<kw name="Call Method" library="BuiltIn">
<arg>${chrome_options}</arg>
<arg>add_argument</arg>
<arg>disable-gpu</arg>
<doc>Calls the named method of the given object with the provided arguments.</doc>
<status status="PASS" starttime="20220525 22:17:45.477" endtime="20220525 22:17:45.479"/>
</kw>
<kw name="Call Method" library="BuiltIn">
<var>${options}</var>
<arg>${chrome_options}</arg>
<arg>to_capabilities</arg>
<doc>Calls the named method of the given object with the provided arguments.</doc>
<msg timestamp="20220525 22:17:45.482" level="INFO">${options} = {'browserName': 'chrome', 'pageLoadStrategy': 'normal', 'goog:chromeOptions': {'extensions': [], 'args': ['headless', 'disable-gpu']}}</msg>
<status status="PASS" starttime="20220525 22:17:45.480" endtime="20220525 22:17:45.482"/>
</kw>
<kw name="Open Browser" library="Selenium2Library">
<arg>http://cnn.com</arg>
<arg>browser=chrome</arg>
<arg>remote_url=http://localhost:4444/wd/hub</arg>
<arg>desired_capabilities=${options}</arg>
<doc>Opens a new browser instance to the optional ``url``.</doc>
<msg timestamp="20220525 22:17:45.484" level="INFO">Opening browser 'chrome' to base url 'http://cnn.com' through remote server at 'http://localhost:4444/wd/hub'.</msg>
<msg timestamp="20220525 22:17:45.505" level="WARN">Retrying (Retry(total=2, connect=None, read=None, redirect=None, status=None)) after connection broken by 'NewConnectionError('&lt;urllib3.connection.HTTPConnection object at 0x4003d511e0&gt;: Failed to establish a new connection: [Errno 111] Connection refused')': /wd/hub/session</msg>
<msg timestamp="20220525 22:17:45.509" level="WARN">Retrying (Retry(total=1, connect=None, read=None, redirect=None, status=None)) after connection broken by 'NewConnectionError('&lt;urllib3.connection.HTTPConnection object at 0x4003d51330&gt;: Failed to establish a new connection: [Errno 111] Connection refused')': /wd/hub/session</msg>
<msg timestamp="20220525 22:17:45.512" level="WARN">Retrying (Retry(total=0, connect=None, read=None, redirect=None, status=None)) after connection broken by 'NewConnectionError('&lt;urllib3.connection.HTTPConnection object at 0x4003d51480&gt;: Failed to establish a new connection: [Errno 111] Connection refused')': /wd/hub/session</msg>
<msg timestamp="20220525 22:17:45.516" level="INFO">Cannot capture screenshot because no browser is open.</msg>
<msg timestamp="20220525 22:17:45.517" level="FAIL">MaxRetryError: HTTPConnectionPool(host='localhost', port=4444): Max retries exceeded with url: /wd/hub/session (Caused by NewConnectionError('&lt;urllib3.connection.HTTPConnection object at 0x4003d515d0&gt;: Failed to establish a new connection: [Errno 111] Connection refused'))</msg>
<status status="FAIL" starttime="20220525 22:17:45.482" endtime="20220525 22:17:45.521"/>
</kw>
<kw name="Maximize Browser Window" library="Selenium2Library">
<doc>Maximizes current browser window.</doc>
<status status="NOT RUN" starttime="20220525 22:17:45.523" endtime="20220525 22:17:45.523"/>
</kw>
<kw name="Capture Page Screenshot" library="Selenium2Library">
<doc>Takes a screenshot of the current page and embeds it into a log file.</doc>
<status status="NOT RUN" starttime="20220525 22:17:45.524" endtime="20220525 22:17:45.524"/>
</kw>
<status status="FAIL" starttime="20220525 22:17:45.471" endtime="20220525 22:17:45.526">MaxRetryError: HTTPConnectionPool(host='localhost', port=4444): Max retries exceeded with url: /wd/hub/session (Caused by NewConnectionError('&lt;urllib3.connection.HTTPConnection object at 0x4003d515d0&gt;: Failed to establish a new connection: [Errno 111] Connection refused'))</status>
</test>
<kw name="Close All Browsers" library="Selenium2Library" type="TEARDOWN">
<doc>Closes all open browsers and resets the browser cache.</doc>
<status status="PASS" starttime="20220525 22:17:45.529" endtime="20220525 22:17:45.530"/>
</kw>
<status status="FAIL" starttime="20220525 22:17:44.631" endtime="20220525 22:17:45.531"/>
</suite>
<statistics>
<total>
<stat pass="0" fail="2" skip="0">All Tests</stat>
</total>
<tag>
</tag>
<suite>
<stat pass="0" fail="2" skip="0" id="s1" name="Sample Test">Sample Test</stat>
</suite>
</statistics>
<errors>
<msg timestamp="20220525 22:17:45.442" level="WARN">Retrying (Retry(total=2, connect=None, read=None, redirect=None, status=None)) after connection broken by 'NewConnectionError('&lt;urllib3.connection.HTTPConnection object at 0x4003ceafe0&gt;: Failed to establish a new connection: [Errno 111] Connection refused')': /wd/hub/session</msg>
<msg timestamp="20220525 22:17:45.445" level="WARN">Retrying (Retry(total=1, connect=None, read=None, redirect=None, status=None)) after connection broken by 'NewConnectionError('&lt;urllib3.connection.HTTPConnection object at 0x4003ceae60&gt;: Failed to establish a new connection: [Errno 111] Connection refused')': /wd/hub/session</msg>
<msg timestamp="20220525 22:17:45.447" level="WARN">Retrying (Retry(total=0, connect=None, read=None, redirect=None, status=None)) after connection broken by 'NewConnectionError('&lt;urllib3.connection.HTTPConnection object at 0x4003cebdc0&gt;: Failed to establish a new connection: [Errno 111] Connection refused')': /wd/hub/session</msg>
<msg timestamp="20220525 22:17:45.505" level="WARN">Retrying (Retry(total=2, connect=None, read=None, redirect=None, status=None)) after connection broken by 'NewConnectionError('&lt;urllib3.connection.HTTPConnection object at 0x4003d511e0&gt;: Failed to establish a new connection: [Errno 111] Connection refused')': /wd/hub/session</msg>
<msg timestamp="20220525 22:17:45.509" level="WARN">Retrying (Retry(total=1, connect=None, read=None, redirect=None, status=None)) after connection broken by 'NewConnectionError('&lt;urllib3.connection.HTTPConnection object at 0x4003d51330&gt;: Failed to establish a new connection: [Errno 111] Connection refused')': /wd/hub/session</msg>
<msg timestamp="20220525 22:17:45.512" level="WARN">Retrying (Retry(total=0, connect=None, read=None, redirect=None, status=None)) after connection broken by 'NewConnectionError('&lt;urllib3.connection.HTTPConnection object at 0x4003d51480&gt;: Failed to establish a new connection: [Errno 111] Connection refused')': /wd/hub/session</msg>
</errors>
</robot>
